[0.031s] Invoking command in '/home/user/ros2_ws/build/urdfbot_description': CMAKE_PREFIX_PATH=${CMAKE_PREFIX_PATH}:/home/simulations/ros2_sims_ws/install/rclrs_tests:/home/simulations/ros2_sims_ws/install/examples_rclrs_minimal_client_service:/home/simulations/ros2_sims_ws/install/sensor_msgs_py:/home/simulations/ros2_sims_ws/install/examples_rclrs_minimal_pub_sub:/home/simulations/ros2_sims_ws/install/examples_rclrs_message_demo:/home/simulations/ros2_sims_ws/install/rclrs:/home/simulations/ros2_sims_ws/install/rosidl_runtime_rs:/opt/ros/humble _=/usr/bin/env /usr/bin/cmake --build /home/user/ros2_ws/build/urdfbot_description -- -j8 -l8
[0.080s] -- Found ament_cmake: 1.3.8 (/opt/ros/humble/share/ament_cmake/cmake)
[0.333s] -- Found urdf: 2.6.0 (/opt/ros/humble/share/urdf/cmake)
[0.421s] -- Found xacro: 2.0.8 (/opt/ros/humble/share/xacro/cmake)
[0.422s] -- Found ament_lint_auto: 0.12.10 (/opt/ros/humble/share/ament_lint_auto/cmake)
[0.551s] -- Added test 'flake8' to check Python code syntax and style conventions
[0.552s] -- Added test 'lint_cmake' to check CMake code style
[0.552s] -- Added test 'pep257' to check Python code against some of the docstring style conventions in PEP 257
[0.556s] -- Added test 'xmllint' to check XML markup files
[0.557s] -- Configuring done
[0.562s] -- Generating done
[0.564s] -- Build files have been written to: /home/user/ros2_ws/build/urdfbot_description
[0.608s] Invoked command in '/home/user/ros2_ws/build/urdfbot_description' returned '0': CMAKE_PREFIX_PATH=${CMAKE_PREFIX_PATH}:/home/simulations/ros2_sims_ws/install/rclrs_tests:/home/simulations/ros2_sims_ws/install/examples_rclrs_minimal_client_service:/home/simulations/ros2_sims_ws/install/sensor_msgs_py:/home/simulations/ros2_sims_ws/install/examples_rclrs_minimal_pub_sub:/home/simulations/ros2_sims_ws/install/examples_rclrs_message_demo:/home/simulations/ros2_sims_ws/install/rclrs:/home/simulations/ros2_sims_ws/install/rosidl_runtime_rs:/opt/ros/humble _=/usr/bin/env /usr/bin/cmake --build /home/user/ros2_ws/build/urdfbot_description -- -j8 -l8
[0.697s] Invoking command in '/home/user/ros2_ws/build/urdfbot_description': CMAKE_PREFIX_PATH=${CMAKE_PREFIX_PATH}:/home/simulations/ros2_sims_ws/install/rclrs_tests:/home/simulations/ros2_sims_ws/install/examples_rclrs_minimal_client_service:/home/simulations/ros2_sims_ws/install/sensor_msgs_py:/home/simulations/ros2_sims_ws/install/examples_rclrs_minimal_pub_sub:/home/simulations/ros2_sims_ws/install/examples_rclrs_message_demo:/home/simulations/ros2_sims_ws/install/rclrs:/home/simulations/ros2_sims_ws/install/rosidl_runtime_rs:/opt/ros/humble _=/usr/bin/env /usr/bin/cmake --install /home/user/ros2_ws/build/urdfbot_description
[0.712s] -- Install configuration: ""
[0.712s] -- Up-to-date: /home/user/ros2_ws/install/urdfbot_description/share/urdfbot_description//urdf
[0.712s] -- Up-to-date: /home/user/ros2_ws/install/urdfbot_description/share/urdfbot_description//urdf/materials.xacro
[0.713s] -- Up-to-date: /home/user/ros2_ws/install/urdfbot_description/share/urdfbot_description//urdf/robot.gazebo
[0.713s] -- Up-to-date: /home/user/ros2_ws/install/urdfbot_description/share/urdfbot_description//urdf/urdfbot_simple.urdf
[0.713s] -- Up-to-date: /home/user/ros2_ws/install/urdfbot_description/share/urdfbot_description//urdf/robot.trans
[0.713s] -- Up-to-date: /home/user/ros2_ws/install/urdfbot_description/share/urdfbot_description//urdf/robot.xacro
[0.713s] -- Installing: /home/user/ros2_ws/install/urdfbot_description/share/urdfbot_description//launch
[0.713s] -- Installing: /home/user/ros2_ws/install/urdfbot_description/share/urdfbot_description//launch/urdf_visualize.launch.py
[0.713s] -- Installing: /home/user/ros2_ws/install/urdfbot_description/share/ament_index/resource_index/package_run_dependencies/urdfbot_description
[0.713s] -- Installing: /home/user/ros2_ws/install/urdfbot_description/share/ament_index/resource_index/parent_prefix_path/urdfbot_description
[0.714s] -- Installing: /home/user/ros2_ws/install/urdfbot_description/share/urdfbot_description/environment/ament_prefix_path.sh
[0.714s] -- Installing: /home/user/ros2_ws/install/urdfbot_description/share/urdfbot_description/environment/ament_prefix_path.dsv
[0.715s] -- Installing: /home/user/ros2_ws/install/urdfbot_description/share/urdfbot_description/environment/path.sh
[0.715s] -- Installing: /home/user/ros2_ws/install/urdfbot_description/share/urdfbot_description/environment/path.dsv
[0.716s] -- Installing: /home/user/ros2_ws/install/urdfbot_description/share/urdfbot_description/local_setup.bash
[0.716s] -- Installing: /home/user/ros2_ws/install/urdfbot_description/share/urdfbot_description/local_setup.sh
[0.716s] -- Installing: /home/user/ros2_ws/install/urdfbot_description/share/urdfbot_description/local_setup.zsh
[0.719s] -- Installing: /home/user/ros2_ws/install/urdfbot_description/share/urdfbot_description/local_setup.dsv
[0.719s] -- Installing: /home/user/ros2_ws/install/urdfbot_description/share/urdfbot_description/package.dsv
[0.719s] -- Installing: /home/user/ros2_ws/install/urdfbot_description/share/ament_index/resource_index/packages/urdfbot_description
[0.719s] -- Installing: /home/user/ros2_ws/install/urdfbot_description/share/urdfbot_description/cmake/urdfbot_descriptionConfig.cmake
[0.719s] -- Installing: /home/user/ros2_ws/install/urdfbot_description/share/urdfbot_description/cmake/urdfbot_descriptionConfig-version.cmake
[0.719s] -- Installing: /home/user/ros2_ws/install/urdfbot_description/share/urdfbot_description/package.xml
[0.721s] Invoked command in '/home/user/ros2_ws/build/urdfbot_description' returned '0': CMAKE_PREFIX_PATH=${CMAKE_PREFIX_PATH}:/home/simulations/ros2_sims_ws/install/rclrs_tests:/home/simulations/ros2_sims_ws/install/examples_rclrs_minimal_client_service:/home/simulations/ros2_sims_ws/install/sensor_msgs_py:/home/simulations/ros2_sims_ws/install/examples_rclrs_minimal_pub_sub:/home/simulations/ros2_sims_ws/install/examples_rclrs_message_demo:/home/simulations/ros2_sims_ws/install/rclrs:/home/simulations/ros2_sims_ws/install/rosidl_runtime_rs:/opt/ros/humble _=/usr/bin/env /usr/bin/cmake --install /home/user/ros2_ws/build/urdfbot_description
