[0.021s] Invoking command in '/home/user/ros2_ws/build/urdfbot_description': CMAKE_PREFIX_PATH=${CMAKE_PREFIX_PATH}:/home/simulations/ros2_sims_ws/install/rclrs_tests:/home/simulations/ros2_sims_ws/install/examples_rclrs_minimal_client_service:/home/simulations/ros2_sims_ws/install/sensor_msgs_py:/home/simulations/ros2_sims_ws/install/examples_rclrs_minimal_pub_sub:/home/simulations/ros2_sims_ws/install/examples_rclrs_message_demo:/home/simulations/ros2_sims_ws/install/rclrs:/home/simulations/ros2_sims_ws/install/rosidl_runtime_rs:/opt/ros/humble _=/usr/bin/env /usr/bin/cmake --build /home/user/ros2_ws/build/urdfbot_description -- -j8 -l8
[0.114s] Invoked command in '/home/user/ros2_ws/build/urdfbot_description' returned '0': CMAKE_PREFIX_PATH=${CMAKE_PREFIX_PATH}:/home/simulations/ros2_sims_ws/install/rclrs_tests:/home/simulations/ros2_sims_ws/install/examples_rclrs_minimal_client_service:/home/simulations/ros2_sims_ws/install/sensor_msgs_py:/home/simulations/ros2_sims_ws/install/examples_rclrs_minimal_pub_sub:/home/simulations/ros2_sims_ws/install/examples_rclrs_message_demo:/home/simulations/ros2_sims_ws/install/rclrs:/home/simulations/ros2_sims_ws/install/rosidl_runtime_rs:/opt/ros/humble _=/usr/bin/env /usr/bin/cmake --build /home/user/ros2_ws/build/urdfbot_description -- -j8 -l8
[0.171s] Invoking command in '/home/user/ros2_ws/build/urdfbot_description': CMAKE_PREFIX_PATH=${CMAKE_PREFIX_PATH}:/home/simulations/ros2_sims_ws/install/rclrs_tests:/home/simulations/ros2_sims_ws/install/examples_rclrs_minimal_client_service:/home/simulations/ros2_sims_ws/install/sensor_msgs_py:/home/simulations/ros2_sims_ws/install/examples_rclrs_minimal_pub_sub:/home/simulations/ros2_sims_ws/install/examples_rclrs_message_demo:/home/simulations/ros2_sims_ws/install/rclrs:/home/simulations/ros2_sims_ws/install/rosidl_runtime_rs:/opt/ros/humble _=/usr/bin/env /usr/bin/cmake --install /home/user/ros2_ws/build/urdfbot_description
[0.181s] -- Install configuration: ""
[0.181s] -- Up-to-date: /home/user/ros2_ws/install/urdfbot_description/share/urdfbot_description//urdf
[0.181s] -- Up-to-date: /home/user/ros2_ws/install/urdfbot_description/share/urdfbot_description//urdf/materials.xacro
[0.181s] -- Up-to-date: /home/user/ros2_ws/install/urdfbot_description/share/urdfbot_description//urdf/robot.gazebo
[0.181s] -- Up-to-date: /home/user/ros2_ws/install/urdfbot_description/share/urdfbot_description//urdf/robot.urdf
[0.181s] -- Installing: /home/user/ros2_ws/install/urdfbot_description/share/urdfbot_description//urdf/urdfbot_simple.urdf
[0.182s] -- Up-to-date: /home/user/ros2_ws/install/urdfbot_description/share/urdfbot_description//urdf/robot.trans
[0.182s] -- Up-to-date: /home/user/ros2_ws/install/urdfbot_description/share/urdfbot_description//urdf/robot.xacro
[0.182s] -- Up-to-date: /home/user/ros2_ws/install/urdfbot_description/share/urdfbot_description//meshes
[0.182s] -- Up-to-date: /home/user/ros2_ws/install/urdfbot_description/share/urdfbot_description//meshes/endeffector.part
[0.182s] -- Up-to-date: /home/user/ros2_ws/install/urdfbot_description/share/urdfbot_description//meshes/link2.stl
[0.182s] -- Up-to-date: /home/user/ros2_ws/install/urdfbot_description/share/urdfbot_description//meshes/link3.stl
[0.182s] -- Up-to-date: /home/user/ros2_ws/install/urdfbot_description/share/urdfbot_description//meshes/motor3.stl
[0.182s] -- Up-to-date: /home/user/ros2_ws/install/urdfbot_description/share/urdfbot_description//meshes/camera.stl
[0.182s] -- Up-to-date: /home/user/ros2_ws/install/urdfbot_description/share/urdfbot_description//meshes/base_link.part
[0.182s] -- Up-to-date: /home/user/ros2_ws/install/urdfbot_description/share/urdfbot_description//meshes/urdfbot_limb.dae
[0.183s] -- Up-to-date: /home/user/ros2_ws/install/urdfbot_description/share/urdfbot_description//meshes/urdfbot_head.dae
[0.183s] -- Up-to-date: /home/user/ros2_ws/install/urdfbot_description/share/urdfbot_description//meshes/config.json
[0.183s] -- Up-to-date: /home/user/ros2_ws/install/urdfbot_description/share/urdfbot_description//meshes/urdfbot_claw.dae
[0.183s] -- Up-to-date: /home/user/ros2_ws/install/urdfbot_description/share/urdfbot_description//meshes/link1.step
[0.183s] -- Up-to-date: /home/user/ros2_ws/install/urdfbot_description/share/urdfbot_description//meshes/camera.part
[0.183s] -- Up-to-date: /home/user/ros2_ws/install/urdfbot_description/share/urdfbot_description//meshes/base_link.stl
[0.183s] -- Up-to-date: /home/user/ros2_ws/install/urdfbot_description/share/urdfbot_description//meshes/urdfbot_texture.png
[0.183s] -- Up-to-date: /home/user/ros2_ws/install/urdfbot_description/share/urdfbot_description//meshes/urdfbot_foot.dae
[0.183s] -- Up-to-date: /home/user/ros2_ws/install/urdfbot_description/share/urdfbot_description//meshes/link1.stl
[0.183s] -- Up-to-date: /home/user/ros2_ws/install/urdfbot_description/share/urdfbot_description//meshes/endeffector.stl
[0.183s] -- Up-to-date: /home/user/ros2_ws/install/urdfbot_description/share/urdfbot_description//meshes/link3.part
[0.183s] -- Up-to-date: /home/user/ros2_ws/install/urdfbot_description/share/urdfbot_description//meshes/link4.stl
[0.183s] -- Up-to-date: /home/user/ros2_ws/install/urdfbot_description/share/urdfbot_description//meshes/link2.part
[0.184s] -- Up-to-date: /home/user/ros2_ws/install/urdfbot_description/share/urdfbot_description//meshes/motor3.part
[0.184s] -- Up-to-date: /home/user/ros2_ws/install/urdfbot_description/share/urdfbot_description//meshes/urdfbot_body.dae
[0.184s] -- Up-to-date: /home/user/ros2_ws/install/urdfbot_description/share/urdfbot_description//meshes/link4.part
[0.184s] -- Up-to-date: /home/user/ros2_ws/install/urdfbot_description/share/urdfbot_description//launch
[0.184s] -- Up-to-date: /home/user/ros2_ws/install/urdfbot_description/share/urdfbot_description//launch/urdf_visualize.launch.py
[0.185s] -- Up-to-date: /home/user/ros2_ws/install/urdfbot_description/share/ament_index/resource_index/package_run_dependencies/urdfbot_description
[0.186s] -- Up-to-date: /home/user/ros2_ws/install/urdfbot_description/share/ament_index/resource_index/parent_prefix_path/urdfbot_description
[0.186s] -- Up-to-date: /home/user/ros2_ws/install/urdfbot_description/share/urdfbot_description/environment/ament_prefix_path.sh
[0.187s] -- Up-to-date: /home/user/ros2_ws/install/urdfbot_description/share/urdfbot_description/environment/ament_prefix_path.dsv
[0.187s] -- Up-to-date: /home/user/ros2_ws/install/urdfbot_description/share/urdfbot_description/environment/path.sh
[0.187s] -- Up-to-date: /home/user/ros2_ws/install/urdfbot_description/share/urdfbot_description/environment/path.dsv
[0.187s] -- Up-to-date: /home/user/ros2_ws/install/urdfbot_description/share/urdfbot_description/local_setup.bash
[0.188s] -- Up-to-date: /home/user/ros2_ws/install/urdfbot_description/share/urdfbot_description/local_setup.sh
[0.188s] -- Up-to-date: /home/user/ros2_ws/install/urdfbot_description/share/urdfbot_description/local_setup.zsh
[0.188s] -- Up-to-date: /home/user/ros2_ws/install/urdfbot_description/share/urdfbot_description/local_setup.dsv
[0.188s] -- Installing: /home/user/ros2_ws/install/urdfbot_description/share/urdfbot_description/package.dsv
[0.189s] -- Up-to-date: /home/user/ros2_ws/install/urdfbot_description/share/ament_index/resource_index/packages/urdfbot_description
[0.189s] -- Up-to-date: /home/user/ros2_ws/install/urdfbot_description/share/urdfbot_description/cmake/urdfbot_descriptionConfig.cmake
[0.189s] -- Up-to-date: /home/user/ros2_ws/install/urdfbot_description/share/urdfbot_description/cmake/urdfbot_descriptionConfig-version.cmake
[0.189s] -- Up-to-date: /home/user/ros2_ws/install/urdfbot_description/share/urdfbot_description/package.xml
[0.190s] Invoked command in '/home/user/ros2_ws/build/urdfbot_description' returned '0': CMAKE_PREFIX_PATH=${CMAKE_PREFIX_PATH}:/home/simulations/ros2_sims_ws/install/rclrs_tests:/home/simulations/ros2_sims_ws/install/examples_rclrs_minimal_client_service:/home/simulations/ros2_sims_ws/install/sensor_msgs_py:/home/simulations/ros2_sims_ws/install/examples_rclrs_minimal_pub_sub:/home/simulations/ros2_sims_ws/install/examples_rclrs_message_demo:/home/simulations/ros2_sims_ws/install/rclrs:/home/simulations/ros2_sims_ws/install/rosidl_runtime_rs:/opt/ros/humble _=/usr/bin/env /usr/bin/cmake --install /home/user/ros2_ws/build/urdfbot_description
