[0.762s] DEBUG:colcon:Command line arguments: ['/usr/bin/colcon', 'build']
[0.762s] DEBUG:colcon:Parsed command line arguments: Namespace(log_base=None, log_level=None, verb_name='build', build_base='build', install_base='install', merge_install=False, symlink_install=False, test_result_base=None, continue_on_error=False, executor='parallel', parallel_workers=8, event_handlers=None, ignore_user_meta=False, metas=['./colcon.meta'], base_paths=['.'], packages_ignore=None, packages_ignore_regex=None, paths=None, packages_up_to=None, packages_up_to_regex=None, packages_above=None, packages_above_and_dependencies=None, packages_above_depth=None, packages_select_by_dep=None, packages_skip_by_dep=None, packages_skip_up_to=None, packages_select_build_failed=False, packages_skip_build_finished=False, packages_select_test_failures=False, packages_skip_test_passed=False, packages_select=None, packages_skip=None, packages_select_regex=None, packages_skip_regex=None, packages_start=None, packages_end=None, lookup_in_workspace=False, cargo_args=None, clean_build=False, cmake_args=None, cmake_target=None, cmake_target_skip_unavailable=False, cmake_clean_cache=False, cmake_clean_first=False, cmake_force_configure=False, ament_cmake_args=None, catkin_cmake_args=None, catkin_skip_building_tests=False, mixin_files=None, mixin=None, verb_parser=<colcon_mixin.mixin.mixin_argument.MixinArgumentDecorator object at 0x7fb75d1d2020>, verb_extension=<colcon_core.verb.build.BuildVerb object at 0x7fb75d1d14b0>, main=<bound method BuildVerb.main of <colcon_core.verb.build.BuildVerb object at 0x7fb75d1d14b0>>, mixin_verb=('build',))
[5.612s] Level 1:colcon.colcon_core.package_discovery:discover_packages(colcon_meta) check parameters
[5.612s] Level 1:colcon.colcon_core.package_discovery:discover_packages(recursive) check parameters
[5.612s] Level 1:colcon.colcon_core.package_discovery:discover_packages(ignore) check parameters
[5.612s] Level 1:colcon.colcon_core.package_discovery:discover_packages(path) check parameters
[5.612s] Level 1:colcon.colcon_core.package_discovery:discover_packages(colcon_meta) discover
[5.612s] Level 1:colcon.colcon_core.package_discovery:discover_packages(recursive) discover
[5.612s] INFO:colcon.colcon_core.package_discovery:Crawling recursively for packages in '/home/user/ros2_ws'
[5.612s] Level 1:colcon.colcon_core.package_identification:_identify(.) by extensions ['ignore', 'ignore_ament_install']
[5.612s] Level 1:colcon.colcon_core.package_identification:_identify(.) by extension 'ignore'
[5.613s] Level 1:colcon.colcon_core.package_identification:_identify(.) by extension 'ignore_ament_install'
[5.613s] Level 1:colcon.colcon_core.package_identification:_identify(.) by extensions ['colcon_pkg']
[5.613s] Level 1:colcon.colcon_core.package_identification:_identify(.) by extension 'colcon_pkg'
[5.613s] Level 1:colcon.colcon_core.package_identification:_identify(.) by extensions ['colcon_meta']
[5.613s] Level 1:colcon.colcon_core.package_identification:_identify(.) by extension 'colcon_meta'
[5.613s] Level 1:colcon.colcon_core.package_identification:_identify(.) by extensions ['ament_cargo']
[5.613s] Level 1:colcon.colcon_core.package_identification:_identify(.) by extension 'ament_cargo'
[5.613s] Level 1:colcon.colcon_core.package_identification:_identify(.) by extensions ['ros']
[5.613s] Level 1:colcon.colcon_core.package_identification:_identify(.) by extension 'ros'
[5.638s] Level 1:colcon.colcon_core.package_identification:_identify(.) by extensions ['cargo', 'cmake', 'python']
[5.639s] Level 1:colcon.colcon_core.package_identification:_identify(.) by extension 'cargo'
[5.639s] Level 1:colcon.colcon_core.package_identification:_identify(.) by extension 'cmake'
[5.639s] Level 1:colcon.colcon_core.package_identification:_identify(.) by extension 'python'
[5.639s] Level 1:colcon.colcon_core.package_identification:_identify(.) by extensions ['python_setup_py']
[5.639s] Level 1:colcon.colcon_core.package_identification:_identify(.) by extension 'python_setup_py'
[5.639s] Level 1:colcon.colcon_core.package_identification:_identify(build) by extensions ['ignore', 'ignore_ament_install']
[5.639s] Level 1:colcon.colcon_core.package_identification:_identify(build) by extension 'ignore'
[5.639s] Level 1:colcon.colcon_core.package_identification:_identify(build) ignored
[5.639s] Level 1:colcon.colcon_core.package_identification:_identify(install) by extensions ['ignore', 'ignore_ament_install']
[5.640s] Level 1:colcon.colcon_core.package_identification:_identify(install) by extension 'ignore'
[5.640s] Level 1:colcon.colcon_core.package_identification:_identify(install) ignored
[5.640s] Level 1:colcon.colcon_core.package_identification:_identify(log) by extensions ['ignore', 'ignore_ament_install']
[5.640s] Level 1:colcon.colcon_core.package_identification:_identify(log) by extension 'ignore'
[5.640s] Level 1:colcon.colcon_core.package_identification:_identify(log) ignored
[5.640s] Level 1:colcon.colcon_core.package_identification:_identify(src) by extensions ['ignore', 'ignore_ament_install']
[5.640s] Level 1:colcon.colcon_core.package_identification:_identify(src) by extension 'ignore'
[5.640s] Level 1:colcon.colcon_core.package_identification:_identify(src) by extension 'ignore_ament_install'
[5.640s] Level 1:colcon.colcon_core.package_identification:_identify(src) by extensions ['colcon_pkg']
[5.640s] Level 1:colcon.colcon_core.package_identification:_identify(src) by extension 'colcon_pkg'
[5.640s] Level 1:colcon.colcon_core.package_identification:_identify(src) by extensions ['colcon_meta']
[5.641s] Level 1:colcon.colcon_core.package_identification:_identify(src) by extension 'colcon_meta'
[5.641s] Level 1:colcon.colcon_core.package_identification:_identify(src) by extensions ['ament_cargo']
[5.641s] Level 1:colcon.colcon_core.package_identification:_identify(src) by extension 'ament_cargo'
[5.641s] Level 1:colcon.colcon_core.package_identification:_identify(src) by extensions ['ros']
[5.641s] Level 1:colcon.colcon_core.package_identification:_identify(src) by extension 'ros'
[5.641s] Level 1:colcon.colcon_core.package_identification:_identify(src) by extensions ['cargo', 'cmake', 'python']
[5.641s] Level 1:colcon.colcon_core.package_identification:_identify(src) by extension 'cargo'
[5.641s] Level 1:colcon.colcon_core.package_identification:_identify(src) by extension 'cmake'
[5.641s] Level 1:colcon.colcon_core.package_identification:_identify(src) by extension 'python'
[5.641s] Level 1:colcon.colcon_core.package_identification:_identify(src) by extensions ['python_setup_py']
[5.641s] Level 1:colcon.colcon_core.package_identification:_identify(src) by extension 'python_setup_py'
[5.641s] Level 1:colcon.colcon_core.package_identification:_identify(src/urdf_meshes) by extensions ['ignore', 'ignore_ament_install']
[5.642s] Level 1:colcon.colcon_core.package_identification:_identify(src/urdf_meshes) by extension 'ignore'
[5.642s] Level 1:colcon.colcon_core.package_identification:_identify(src/urdf_meshes) by extension 'ignore_ament_install'
[5.642s] Level 1:colcon.colcon_core.package_identification:_identify(src/urdf_meshes) by extensions ['colcon_pkg']
[5.642s] Level 1:colcon.colcon_core.package_identification:_identify(src/urdf_meshes) by extension 'colcon_pkg'
[5.642s] Level 1:colcon.colcon_core.package_identification:_identify(src/urdf_meshes) by extensions ['colcon_meta']
[5.642s] Level 1:colcon.colcon_core.package_identification:_identify(src/urdf_meshes) by extension 'colcon_meta'
[5.642s] Level 1:colcon.colcon_core.package_identification:_identify(src/urdf_meshes) by extensions ['ament_cargo']
[5.642s] Level 1:colcon.colcon_core.package_identification:_identify(src/urdf_meshes) by extension 'ament_cargo'
[5.642s] Level 1:colcon.colcon_core.package_identification:_identify(src/urdf_meshes) by extensions ['ros']
[5.642s] Level 1:colcon.colcon_core.package_identification:_identify(src/urdf_meshes) by extension 'ros'
[5.642s] Level 1:colcon.colcon_core.package_identification:_identify(src/urdf_meshes) by extensions ['cargo', 'cmake', 'python']
[5.642s] Level 1:colcon.colcon_core.package_identification:_identify(src/urdf_meshes) by extension 'cargo'
[5.642s] Level 1:colcon.colcon_core.package_identification:_identify(src/urdf_meshes) by extension 'cmake'
[5.643s] Level 1:colcon.colcon_core.package_identification:_identify(src/urdf_meshes) by extension 'python'
[5.643s] Level 1:colcon.colcon_core.package_identification:_identify(src/urdf_meshes) by extensions ['python_setup_py']
[5.643s] Level 1:colcon.colcon_core.package_identification:_identify(src/urdf_meshes) by extension 'python_setup_py'
[5.643s] Level 1:colcon.colcon_core.package_identification:_identify(src/urdf_meshes/meshes) by extensions ['ignore', 'ignore_ament_install']
[5.643s] Level 1:colcon.colcon_core.package_identification:_identify(src/urdf_meshes/meshes) by extension 'ignore'
[5.643s] Level 1:colcon.colcon_core.package_identification:_identify(src/urdf_meshes/meshes) by extension 'ignore_ament_install'
[5.643s] Level 1:colcon.colcon_core.package_identification:_identify(src/urdf_meshes/meshes) by extensions ['colcon_pkg']
[5.643s] Level 1:colcon.colcon_core.package_identification:_identify(src/urdf_meshes/meshes) by extension 'colcon_pkg'
[5.643s] Level 1:colcon.colcon_core.package_identification:_identify(src/urdf_meshes/meshes) by extensions ['colcon_meta']
[5.643s] Level 1:colcon.colcon_core.package_identification:_identify(src/urdf_meshes/meshes) by extension 'colcon_meta'
[5.643s] Level 1:colcon.colcon_core.package_identification:_identify(src/urdf_meshes/meshes) by extensions ['ament_cargo']
[5.643s] Level 1:colcon.colcon_core.package_identification:_identify(src/urdf_meshes/meshes) by extension 'ament_cargo'
[5.644s] Level 1:colcon.colcon_core.package_identification:_identify(src/urdf_meshes/meshes) by extensions ['ros']
[5.644s] Level 1:colcon.colcon_core.package_identification:_identify(src/urdf_meshes/meshes) by extension 'ros'
[5.644s] Level 1:colcon.colcon_core.package_identification:_identify(src/urdf_meshes/meshes) by extensions ['cargo', 'cmake', 'python']
[5.644s] Level 1:colcon.colcon_core.package_identification:_identify(src/urdf_meshes/meshes) by extension 'cargo'
[5.644s] Level 1:colcon.colcon_core.package_identification:_identify(src/urdf_meshes/meshes) by extension 'cmake'
[5.644s] Level 1:colcon.colcon_core.package_identification:_identify(src/urdf_meshes/meshes) by extension 'python'
[5.644s] Level 1:colcon.colcon_core.package_identification:_identify(src/urdf_meshes/meshes) by extensions ['python_setup_py']
[5.644s] Level 1:colcon.colcon_core.package_identification:_identify(src/urdf_meshes/meshes) by extension 'python_setup_py'
[5.644s] Level 1:colcon.colcon_core.package_identification:_identify(src/urdfbot_description) by extensions ['ignore', 'ignore_ament_install']
[5.644s] Level 1:colcon.colcon_core.package_identification:_identify(src/urdfbot_description) by extension 'ignore'
[5.644s] Level 1:colcon.colcon_core.package_identification:_identify(src/urdfbot_description) by extension 'ignore_ament_install'
[5.645s] Level 1:colcon.colcon_core.package_identification:_identify(src/urdfbot_description) by extensions ['colcon_pkg']
[5.645s] Level 1:colcon.colcon_core.package_identification:_identify(src/urdfbot_description) by extension 'colcon_pkg'
[5.645s] Level 1:colcon.colcon_core.package_identification:_identify(src/urdfbot_description) by extensions ['colcon_meta']
[5.645s] Level 1:colcon.colcon_core.package_identification:_identify(src/urdfbot_description) by extension 'colcon_meta'
[5.645s] Level 1:colcon.colcon_core.package_identification:_identify(src/urdfbot_description) by extensions ['ament_cargo']
[5.645s] Level 1:colcon.colcon_core.package_identification:_identify(src/urdfbot_description) by extension 'ament_cargo'
[5.645s] Level 1:colcon.colcon_core.package_identification:_identify(src/urdfbot_description) by extensions ['ros']
[5.645s] Level 1:colcon.colcon_core.package_identification:_identify(src/urdfbot_description) by extension 'ros'
[5.653s] DEBUG:colcon.colcon_core.package_identification:Package 'src/urdfbot_description' with type 'ros.ament_cmake' and name 'urdfbot_description'
[5.653s] Level 1:colcon.colcon_core.package_discovery:discover_packages(recursive) using defaults
[5.653s] Level 1:colcon.colcon_core.package_discovery:discover_packages(ignore) discover
[5.653s] Level 1:colcon.colcon_core.package_discovery:discover_packages(ignore) using defaults
[5.653s] Level 1:colcon.colcon_core.package_discovery:discover_packages(path) discover
[5.653s] Level 1:colcon.colcon_core.package_discovery:discover_packages(path) using defaults
[5.714s] Level 5:colcon.colcon_core.verb:set package 'urdfbot_description' build argument 'lookup_in_workspace' from command line to 'False'
[5.714s] Level 5:colcon.colcon_core.verb:set package 'urdfbot_description' build argument 'cargo_args' from command line to 'None'
[5.714s] Level 5:colcon.colcon_core.verb:set package 'urdfbot_description' build argument 'clean_build' from command line to 'False'
[5.714s] Level 5:colcon.colcon_core.verb:set package 'urdfbot_description' build argument 'cmake_args' from command line to 'None'
[5.714s] Level 5:colcon.colcon_core.verb:set package 'urdfbot_description' build argument 'cmake_target' from command line to 'None'
[5.714s] Level 5:colcon.colcon_core.verb:set package 'urdfbot_description' build argument 'cmake_target_skip_unavailable' from command line to 'False'
[5.714s] Level 5:colcon.colcon_core.verb:set package 'urdfbot_description' build argument 'cmake_clean_cache' from command line to 'False'
[5.714s] Level 5:colcon.colcon_core.verb:set package 'urdfbot_description' build argument 'cmake_clean_first' from command line to 'False'
[5.714s] Level 5:colcon.colcon_core.verb:set package 'urdfbot_description' build argument 'cmake_force_configure' from command line to 'False'
[5.714s] Level 5:colcon.colcon_core.verb:set package 'urdfbot_description' build argument 'ament_cmake_args' from command line to 'None'
[5.714s] Level 5:colcon.colcon_core.verb:set package 'urdfbot_description' build argument 'catkin_cmake_args' from command line to 'None'
[5.714s] Level 5:colcon.colcon_core.verb:set package 'urdfbot_description' build argument 'catkin_skip_building_tests' from command line to 'False'
[5.714s] DEBUG:colcon.colcon_core.verb:Building package 'urdfbot_description' with the following arguments: {'ament_cmake_args': None, 'build_base': '/home/user/ros2_ws/build/urdfbot_description', 'cargo_args': None, 'catkin_cmake_args': None, 'catkin_skip_building_tests': False, 'clean_build': False, 'cmake_args': None, 'cmake_clean_cache': False, 'cmake_clean_first': False, 'cmake_force_configure': False, 'cmake_target': None, 'cmake_target_skip_unavailable': False, 'install_base': '/home/user/ros2_ws/install/urdfbot_description', 'lookup_in_workspace': False, 'merge_install': False, 'path': '/home/user/ros2_ws/src/urdfbot_description', 'symlink_install': False, 'test_result_base': None}
[5.714s] INFO:colcon.colcon_core.executor:Executing jobs using 'parallel' executor
[5.716s] DEBUG:colcon.colcon_parallel_executor.executor.parallel:run_until_complete
[5.716s] INFO:colcon.colcon_ros.task.ament_cmake.build:Building ROS package in '/home/user/ros2_ws/src/urdfbot_description' with build type 'ament_cmake'
[5.716s] INFO:colcon.colcon_cmake.task.cmake.build:Building CMake package in '/home/user/ros2_ws/src/urdfbot_description'
[5.821s] INFO:colcon.colcon_core.plugin_system:Skipping extension 'colcon_core.shell.bat': Not used on non-Windows systems
[5.821s] INFO:colcon.colcon_core.shell:Skip shell extension 'powershell' for command environment: Not usable outside of PowerShell
[5.822s] DEBUG:colcon.colcon_core.shell:Skip shell extension 'dsv' for command environment
[5.847s] DEBUG:colcon.colcon_core.event_handler.log_command:Invoking command in '/home/user/ros2_ws/build/urdfbot_description': CMAKE_PREFIX_PATH=${CMAKE_PREFIX_PATH}:/home/simulations/ros2_sims_ws/install/rclrs_tests:/home/simulations/ros2_sims_ws/install/examples_rclrs_minimal_client_service:/home/simulations/ros2_sims_ws/install/sensor_msgs_py:/home/simulations/ros2_sims_ws/install/examples_rclrs_minimal_pub_sub:/home/simulations/ros2_sims_ws/install/examples_rclrs_message_demo:/home/simulations/ros2_sims_ws/install/rclrs:/home/simulations/ros2_sims_ws/install/rosidl_runtime_rs:/opt/ros/humble _=/usr/bin/env /usr/bin/cmake --build /home/user/ros2_ws/build/urdfbot_description -- -j8 -l8
[7.467s] DEBUG:colcon.colcon_core.event_handler.log_command:Invoked command in '/home/user/ros2_ws/build/urdfbot_description' returned '0': CMAKE_PREFIX_PATH=${CMAKE_PREFIX_PATH}:/home/simulations/ros2_sims_ws/install/rclrs_tests:/home/simulations/ros2_sims_ws/install/examples_rclrs_minimal_client_service:/home/simulations/ros2_sims_ws/install/sensor_msgs_py:/home/simulations/ros2_sims_ws/install/examples_rclrs_minimal_pub_sub:/home/simulations/ros2_sims_ws/install/examples_rclrs_message_demo:/home/simulations/ros2_sims_ws/install/rclrs:/home/simulations/ros2_sims_ws/install/rosidl_runtime_rs:/opt/ros/humble _=/usr/bin/env /usr/bin/cmake --build /home/user/ros2_ws/build/urdfbot_description -- -j8 -l8
[7.528s] DEBUG:colcon.colcon_core.event_handler.log_command:Invoking command in '/home/user/ros2_ws/build/urdfbot_description': CMAKE_PREFIX_PATH=${CMAKE_PREFIX_PATH}:/home/simulations/ros2_sims_ws/install/rclrs_tests:/home/simulations/ros2_sims_ws/install/examples_rclrs_minimal_client_service:/home/simulations/ros2_sims_ws/install/sensor_msgs_py:/home/simulations/ros2_sims_ws/install/examples_rclrs_minimal_pub_sub:/home/simulations/ros2_sims_ws/install/examples_rclrs_message_demo:/home/simulations/ros2_sims_ws/install/rclrs:/home/simulations/ros2_sims_ws/install/rosidl_runtime_rs:/opt/ros/humble _=/usr/bin/env /usr/bin/cmake --install /home/user/ros2_ws/build/urdfbot_description
[7.562s] Level 1:colcon.colcon_core.environment:create_environment_scripts_only(urdfbot_description)
[7.562s] DEBUG:colcon.colcon_core.event_handler.log_command:Invoked command in '/home/user/ros2_ws/build/urdfbot_description' returned '0': CMAKE_PREFIX_PATH=${CMAKE_PREFIX_PATH}:/home/simulations/ros2_sims_ws/install/rclrs_tests:/home/simulations/ros2_sims_ws/install/examples_rclrs_minimal_client_service:/home/simulations/ros2_sims_ws/install/sensor_msgs_py:/home/simulations/ros2_sims_ws/install/examples_rclrs_minimal_pub_sub:/home/simulations/ros2_sims_ws/install/examples_rclrs_message_demo:/home/simulations/ros2_sims_ws/install/rclrs:/home/simulations/ros2_sims_ws/install/rosidl_runtime_rs:/opt/ros/humble _=/usr/bin/env /usr/bin/cmake --install /home/user/ros2_ws/build/urdfbot_description
[7.575s] Level 1:colcon.colcon_core.environment:checking '/home/user/ros2_ws/install/urdfbot_description' for CMake module files
[7.576s] Level 1:colcon.colcon_core.environment:checking '/home/user/ros2_ws/install/urdfbot_description' for CMake config files
[7.576s] Level 1:colcon.colcon_core.shell:create_environment_hook('urdfbot_description', 'cmake_prefix_path')
[7.576s] INFO:colcon.colcon_core.shell:Creating environment hook '/home/user/ros2_ws/install/urdfbot_description/share/urdfbot_description/hook/cmake_prefix_path.ps1'
[7.578s] INFO:colcon.colcon_core.shell:Creating environment descriptor '/home/user/ros2_ws/install/urdfbot_description/share/urdfbot_description/hook/cmake_prefix_path.dsv'
[7.579s] INFO:colcon.colcon_core.shell:Creating environment hook '/home/user/ros2_ws/install/urdfbot_description/share/urdfbot_description/hook/cmake_prefix_path.sh'
[7.580s] Level 1:colcon.colcon_core.environment:checking '/home/user/ros2_ws/install/urdfbot_description/bin'
[7.580s] Level 1:colcon.colcon_core.environment:checking '/home/user/ros2_ws/install/urdfbot_description/lib/pkgconfig/urdfbot_description.pc'
[7.584s] Level 1:colcon.colcon_core.environment:checking '/home/user/ros2_ws/install/urdfbot_description/lib/python3.10/site-packages'
[7.584s] Level 1:colcon.colcon_core.environment:checking '/home/user/ros2_ws/install/urdfbot_description/bin'
[7.584s] INFO:colcon.colcon_core.shell:Creating package script '/home/user/ros2_ws/install/urdfbot_description/share/urdfbot_description/package.ps1'
[7.586s] INFO:colcon.colcon_core.shell:Creating package descriptor '/home/user/ros2_ws/install/urdfbot_description/share/urdfbot_description/package.dsv'
[7.587s] INFO:colcon.colcon_core.shell:Creating package script '/home/user/ros2_ws/install/urdfbot_description/share/urdfbot_description/package.sh'
[7.588s] INFO:colcon.colcon_core.shell:Creating package script '/home/user/ros2_ws/install/urdfbot_description/share/urdfbot_description/package.bash'
[7.590s] INFO:colcon.colcon_core.shell:Creating package script '/home/user/ros2_ws/install/urdfbot_description/share/urdfbot_description/package.zsh'
[7.591s] Level 1:colcon.colcon_core.environment:create_file_with_runtime_dependencies(/home/user/ros2_ws/install/urdfbot_description/share/colcon-core/packages/urdfbot_description)
[7.638s] Level 1:colcon.colcon_core.environment:create_environment_scripts_only(urdfbot_description)
[7.638s] Level 1:colcon.colcon_core.environment:checking '/home/user/ros2_ws/install/urdfbot_description' for CMake module files
[7.639s] Level 1:colcon.colcon_core.environment:checking '/home/user/ros2_ws/install/urdfbot_description' for CMake config files
[7.639s] Level 1:colcon.colcon_core.shell:create_environment_hook('urdfbot_description', 'cmake_prefix_path')
[7.639s] INFO:colcon.colcon_core.shell:Creating environment hook '/home/user/ros2_ws/install/urdfbot_description/share/urdfbot_description/hook/cmake_prefix_path.ps1'
[7.640s] INFO:colcon.colcon_core.shell:Creating environment descriptor '/home/user/ros2_ws/install/urdfbot_description/share/urdfbot_description/hook/cmake_prefix_path.dsv'
[7.640s] INFO:colcon.colcon_core.shell:Creating environment hook '/home/user/ros2_ws/install/urdfbot_description/share/urdfbot_description/hook/cmake_prefix_path.sh'
[7.641s] Level 1:colcon.colcon_core.environment:checking '/home/user/ros2_ws/install/urdfbot_description/bin'
[7.641s] Level 1:colcon.colcon_core.environment:checking '/home/user/ros2_ws/install/urdfbot_description/lib/pkgconfig/urdfbot_description.pc'
[7.642s] Level 1:colcon.colcon_core.environment:checking '/home/user/ros2_ws/install/urdfbot_description/lib/python3.10/site-packages'
[7.642s] Level 1:colcon.colcon_core.environment:checking '/home/user/ros2_ws/install/urdfbot_description/bin'
[7.642s] INFO:colcon.colcon_core.shell:Creating package script '/home/user/ros2_ws/install/urdfbot_description/share/urdfbot_description/package.ps1'
[7.643s] INFO:colcon.colcon_core.shell:Creating package descriptor '/home/user/ros2_ws/install/urdfbot_description/share/urdfbot_description/package.dsv'
[7.643s] INFO:colcon.colcon_core.shell:Creating package script '/home/user/ros2_ws/install/urdfbot_description/share/urdfbot_description/package.sh'
[7.644s] INFO:colcon.colcon_core.shell:Creating package script '/home/user/ros2_ws/install/urdfbot_description/share/urdfbot_description/package.bash'
[7.644s] INFO:colcon.colcon_core.shell:Creating package script '/home/user/ros2_ws/install/urdfbot_description/share/urdfbot_description/package.zsh'
[7.644s] Level 1:colcon.colcon_core.environment:create_file_with_runtime_dependencies(/home/user/ros2_ws/install/urdfbot_description/share/colcon-core/packages/urdfbot_description)
[7.645s] DEBUG:colcon.colcon_parallel_executor.executor.parallel:closing loop
[7.645s] DEBUG:colcon.colcon_parallel_executor.executor.parallel:loop closed
[7.646s] DEBUG:colcon.colcon_parallel_executor.executor.parallel:run_until_complete finished with '0'
[7.646s] DEBUG:colcon.colcon_core.event_reactor:joining thread
[7.675s] INFO:colcon.colcon_core.plugin_system:Skipping extension 'colcon_notification.desktop_notification.notify_send': Could not find 'notify-send'
[7.675s] INFO:colcon.colcon_core.plugin_system:Skipping extension 'colcon_notification.desktop_notification.terminal_notifier': Not used on non-Darwin systems
[7.675s] INFO:colcon.colcon_core.plugin_system:Skipping extension 'colcon_notification.desktop_notification.win32': Not used on non-Windows systems
[7.675s] INFO:colcon.colcon_notification.desktop_notification:Sending desktop notification using 'notify2'
[7.680s] DEBUG:colcon.colcon_notification.desktop_notification.notify2:Failed to initialize notify2: org.freedesktop.DBus.Error.Spawn.ExecFailed: /usr/bin/dbus-launch terminated abnormally without any error message
[7.680s] DEBUG:colcon.colcon_core.event_reactor:joined thread
[7.681s] INFO:colcon.colcon_core.shell:Creating prefix script '/home/user/ros2_ws/install/local_setup.ps1'
[7.682s] INFO:colcon.colcon_core.shell:Creating prefix util module '/home/user/ros2_ws/install/_local_setup_util_ps1.py'
[7.684s] INFO:colcon.colcon_core.shell:Creating prefix chain script '/home/user/ros2_ws/install/setup.ps1'
[7.688s] INFO:colcon.colcon_core.shell:Creating prefix script '/home/user/ros2_ws/install/local_setup.sh'
[7.689s] INFO:colcon.colcon_core.shell:Creating prefix util module '/home/user/ros2_ws/install/_local_setup_util_sh.py'
[7.690s] INFO:colcon.colcon_core.shell:Creating prefix chain script '/home/user/ros2_ws/install/setup.sh'
[7.693s] INFO:colcon.colcon_core.shell:Creating prefix script '/home/user/ros2_ws/install/local_setup.bash'
[7.694s] INFO:colcon.colcon_core.shell:Creating prefix chain script '/home/user/ros2_ws/install/setup.bash'
[7.697s] INFO:colcon.colcon_core.shell:Creating prefix script '/home/user/ros2_ws/install/local_setup.zsh'
[7.768s] INFO:colcon.colcon_core.shell:Creating prefix chain script '/home/user/ros2_ws/install/setup.zsh'
