[0.131s] Invoking command in '/home/user/ros2_ws/build/urdfbot_description': CMAKE_PREFIX_PATH=${CMAKE_PREFIX_PATH}:/home/simulations/ros2_sims_ws/install/rclrs_tests:/home/simulations/ros2_sims_ws/install/examples_rclrs_minimal_client_service:/home/simulations/ros2_sims_ws/install/sensor_msgs_py:/home/simulations/ros2_sims_ws/install/examples_rclrs_minimal_pub_sub:/home/simulations/ros2_sims_ws/install/examples_rclrs_message_demo:/home/simulations/ros2_sims_ws/install/rclrs:/home/simulations/ros2_sims_ws/install/rosidl_runtime_rs:/opt/ros/humble _=/usr/bin/env /usr/bin/cmake /home/user/ros2_ws/src/urdfbot_description -DCMAKE_INSTALL_PREFIX=/home/user/ros2_ws/install/urdfbot_description
[3.337s] -- The C compiler identification is GNU 11.4.0
[4.930s] -- The CXX compiler identification is GNU 11.4.0
[4.996s] -- Detecting C compiler ABI info
[5.229s] -- Detecting C compiler ABI info - done
[5.241s] -- Check for working C compiler: /usr/bin/cc - skipped
[5.242s] -- Detecting C compile features
[5.243s] -- Detecting C compile features - done
[5.250s] -- Detecting CXX compiler ABI info
[5.492s] -- Detecting CXX compiler ABI info - done
[5.506s] -- Check for working CXX compiler: /usr/bin/c++ - skipped
[5.506s] -- Detecting CXX compile features
[5.507s] -- Detecting CXX compile features - done
[5.556s] -- Found ament_cmake: 1.3.8 (/opt/ros/humble/share/ament_cmake/cmake)
[5.924s] -- Found Python3: /usr/bin/python3 (found version "3.10.12") found components: Interpreter 
[6.340s] -- Found urdf: 2.6.0 (/opt/ros/humble/share/urdf/cmake)
[6.705s] -- Found xacro: 2.0.8 (/opt/ros/humble/share/xacro/cmake)
[6.722s] -- Found ament_lint_auto: 0.12.10 (/opt/ros/humble/share/ament_lint_auto/cmake)
[7.080s] -- Added test 'flake8' to check Python code syntax and style conventions
[7.082s] -- Added test 'lint_cmake' to check CMake code style
[7.086s] -- Added test 'pep257' to check Python code against some of the docstring style conventions in PEP 257
[7.092s] -- Added test 'xmllint' to check XML markup files
[7.098s] -- Configuring done
[7.102s] -- Generating done
[7.103s] -- Build files have been written to: /home/user/ros2_ws/build/urdfbot_description
[7.115s] Invoked command in '/home/user/ros2_ws/build/urdfbot_description' returned '0': CMAKE_PREFIX_PATH=${CMAKE_PREFIX_PATH}:/home/simulations/ros2_sims_ws/install/rclrs_tests:/home/simulations/ros2_sims_ws/install/examples_rclrs_minimal_client_service:/home/simulations/ros2_sims_ws/install/sensor_msgs_py:/home/simulations/ros2_sims_ws/install/examples_rclrs_minimal_pub_sub:/home/simulations/ros2_sims_ws/install/examples_rclrs_message_demo:/home/simulations/ros2_sims_ws/install/rclrs:/home/simulations/ros2_sims_ws/install/rosidl_runtime_rs:/opt/ros/humble _=/usr/bin/env /usr/bin/cmake /home/user/ros2_ws/src/urdfbot_description -DCMAKE_INSTALL_PREFIX=/home/user/ros2_ws/install/urdfbot_description
[7.116s] Invoking command in '/home/user/ros2_ws/build/urdfbot_description': CMAKE_PREFIX_PATH=${CMAKE_PREFIX_PATH}:/home/simulations/ros2_sims_ws/install/rclrs_tests:/home/simulations/ros2_sims_ws/install/examples_rclrs_minimal_client_service:/home/simulations/ros2_sims_ws/install/sensor_msgs_py:/home/simulations/ros2_sims_ws/install/examples_rclrs_minimal_pub_sub:/home/simulations/ros2_sims_ws/install/examples_rclrs_message_demo:/home/simulations/ros2_sims_ws/install/rclrs:/home/simulations/ros2_sims_ws/install/rosidl_runtime_rs:/opt/ros/humble _=/usr/bin/env /usr/bin/cmake --build /home/user/ros2_ws/build/urdfbot_description -- -j8 -l8
[7.193s] Invoked command in '/home/user/ros2_ws/build/urdfbot_description' returned '0': CMAKE_PREFIX_PATH=${CMAKE_PREFIX_PATH}:/home/simulations/ros2_sims_ws/install/rclrs_tests:/home/simulations/ros2_sims_ws/install/examples_rclrs_minimal_client_service:/home/simulations/ros2_sims_ws/install/sensor_msgs_py:/home/simulations/ros2_sims_ws/install/examples_rclrs_minimal_pub_sub:/home/simulations/ros2_sims_ws/install/examples_rclrs_message_demo:/home/simulations/ros2_sims_ws/install/rclrs:/home/simulations/ros2_sims_ws/install/rosidl_runtime_rs:/opt/ros/humble _=/usr/bin/env /usr/bin/cmake --build /home/user/ros2_ws/build/urdfbot_description -- -j8 -l8
[7.290s] Invoking command in '/home/user/ros2_ws/build/urdfbot_description': CMAKE_PREFIX_PATH=${CMAKE_PREFIX_PATH}:/home/simulations/ros2_sims_ws/install/rclrs_tests:/home/simulations/ros2_sims_ws/install/examples_rclrs_minimal_client_service:/home/simulations/ros2_sims_ws/install/sensor_msgs_py:/home/simulations/ros2_sims_ws/install/examples_rclrs_minimal_pub_sub:/home/simulations/ros2_sims_ws/install/examples_rclrs_message_demo:/home/simulations/ros2_sims_ws/install/rclrs:/home/simulations/ros2_sims_ws/install/rosidl_runtime_rs:/opt/ros/humble _=/usr/bin/env /usr/bin/cmake --install /home/user/ros2_ws/build/urdfbot_description
[7.305s] -- Install configuration: ""
[7.306s] -- Installing: /home/user/ros2_ws/install/urdfbot_description/share/urdfbot_description//urdf
[7.306s] -- Installing: /home/user/ros2_ws/install/urdfbot_description/share/urdfbot_description//urdf/materials.xacro
[7.306s] -- Installing: /home/user/ros2_ws/install/urdfbot_description/share/urdfbot_description//urdf/robot.gazebo
[7.306s] -- Installing: /home/user/ros2_ws/install/urdfbot_description/share/urdfbot_description//urdf/urdfbot_simple.urdf
[7.306s] -- Installing: /home/user/ros2_ws/install/urdfbot_description/share/urdfbot_description//urdf/robot.trans
[7.306s] -- Installing: /home/user/ros2_ws/install/urdfbot_description/share/urdfbot_description//urdf/robot.xacro
[7.306s] [31mCMake Error at cmake_install.cmake:46 (file):
[7.306s]   file INSTALL cannot find "/home/user/ros2_ws/src/urdfbot_description/rviz":
[7.307s]   No such file or directory.
[7.307s] 
[7.307s] [0m
[7.309s] Invoked command in '/home/user/ros2_ws/build/urdfbot_description' returned '1': CMAKE_PREFIX_PATH=${CMAKE_PREFIX_PATH}:/home/simulations/ros2_sims_ws/install/rclrs_tests:/home/simulations/ros2_sims_ws/install/examples_rclrs_minimal_client_service:/home/simulations/ros2_sims_ws/install/sensor_msgs_py:/home/simulations/ros2_sims_ws/install/examples_rclrs_minimal_pub_sub:/home/simulations/ros2_sims_ws/install/examples_rclrs_message_demo:/home/simulations/ros2_sims_ws/install/rclrs:/home/simulations/ros2_sims_ws/install/rosidl_runtime_rs:/opt/ros/humble _=/usr/bin/env /usr/bin/cmake --install /home/user/ros2_ws/build/urdfbot_description
