-- Install configuration: ""
-- Up-to-date: /home/user/ros2_ws/install/urdfbot_description/share/urdfbot_description//urdf
-- Up-to-date: /home/user/ros2_ws/install/urdfbot_description/share/urdfbot_description//urdf/materials.xacro
-- Up-to-date: /home/user/ros2_ws/install/urdfbot_description/share/urdfbot_description//urdf/robot.gazebo
-- Up-to-date: /home/user/ros2_ws/install/urdfbot_description/share/urdfbot_description//urdf/robot.urdf
-- Installing: /home/user/ros2_ws/install/urdfbot_description/share/urdfbot_description//urdf/urdfbot_simple.urdf
-- Up-to-date: /home/user/ros2_ws/install/urdfbot_description/share/urdfbot_description//urdf/robot.trans
-- Up-to-date: /home/user/ros2_ws/install/urdfbot_description/share/urdfbot_description//urdf/robot.xacro
-- Up-to-date: /home/user/ros2_ws/install/urdfbot_description/share/urdfbot_description//meshes
-- Up-to-date: /home/user/ros2_ws/install/urdfbot_description/share/urdfbot_description//meshes/endeffector.part
-- Up-to-date: /home/user/ros2_ws/install/urdfbot_description/share/urdfbot_description//meshes/link2.stl
-- Up-to-date: /home/user/ros2_ws/install/urdfbot_description/share/urdfbot_description//meshes/link3.stl
-- Up-to-date: /home/user/ros2_ws/install/urdfbot_description/share/urdfbot_description//meshes/motor3.stl
-- Up-to-date: /home/user/ros2_ws/install/urdfbot_description/share/urdfbot_description//meshes/camera.stl
-- Up-to-date: /home/user/ros2_ws/install/urdfbot_description/share/urdfbot_description//meshes/base_link.part
-- Up-to-date: /home/user/ros2_ws/install/urdfbot_description/share/urdfbot_description//meshes/urdfbot_limb.dae
-- Up-to-date: /home/user/ros2_ws/install/urdfbot_description/share/urdfbot_description//meshes/urdfbot_head.dae
-- Up-to-date: /home/user/ros2_ws/install/urdfbot_description/share/urdfbot_description//meshes/config.json
-- Up-to-date: /home/user/ros2_ws/install/urdfbot_description/share/urdfbot_description//meshes/urdfbot_claw.dae
-- Up-to-date: /home/user/ros2_ws/install/urdfbot_description/share/urdfbot_description//meshes/link1.step
-- Up-to-date: /home/user/ros2_ws/install/urdfbot_description/share/urdfbot_description//meshes/camera.part
-- Up-to-date: /home/user/ros2_ws/install/urdfbot_description/share/urdfbot_description//meshes/base_link.stl
-- Up-to-date: /home/user/ros2_ws/install/urdfbot_description/share/urdfbot_description//meshes/urdfbot_texture.png
-- Up-to-date: /home/user/ros2_ws/install/urdfbot_description/share/urdfbot_description//meshes/urdfbot_foot.dae
-- Up-to-date: /home/user/ros2_ws/install/urdfbot_description/share/urdfbot_description//meshes/link1.stl
-- Up-to-date: /home/user/ros2_ws/install/urdfbot_description/share/urdfbot_description//meshes/endeffector.stl
-- Up-to-date: /home/user/ros2_ws/install/urdfbot_description/share/urdfbot_description//meshes/link3.part
-- Up-to-date: /home/user/ros2_ws/install/urdfbot_description/share/urdfbot_description//meshes/link4.stl
-- Up-to-date: /home/user/ros2_ws/install/urdfbot_description/share/urdfbot_description//meshes/link2.part
-- Up-to-date: /home/user/ros2_ws/install/urdfbot_description/share/urdfbot_description//meshes/motor3.part
-- Up-to-date: /home/user/ros2_ws/install/urdfbot_description/share/urdfbot_description//meshes/urdfbot_body.dae
-- Up-to-date: /home/user/ros2_ws/install/urdfbot_description/share/urdfbot_description//meshes/link4.part
-- Up-to-date: /home/user/ros2_ws/install/urdfbot_description/share/urdfbot_description//launch
-- Up-to-date: /home/user/ros2_ws/install/urdfbot_description/share/urdfbot_description//launch/urdf_visualize.launch.py
-- Up-to-date: /home/user/ros2_ws/install/urdfbot_description/share/ament_index/resource_index/package_run_dependencies/urdfbot_description
-- Up-to-date: /home/user/ros2_ws/install/urdfbot_description/share/ament_index/resource_index/parent_prefix_path/urdfbot_description
-- Up-to-date: /home/user/ros2_ws/install/urdfbot_description/share/urdfbot_description/environment/ament_prefix_path.sh
-- Up-to-date: /home/user/ros2_ws/install/urdfbot_description/share/urdfbot_description/environment/ament_prefix_path.dsv
-- Up-to-date: /home/user/ros2_ws/install/urdfbot_description/share/urdfbot_description/environment/path.sh
-- Up-to-date: /home/user/ros2_ws/install/urdfbot_description/share/urdfbot_description/environment/path.dsv
-- Up-to-date: /home/user/ros2_ws/install/urdfbot_description/share/urdfbot_description/local_setup.bash
-- Up-to-date: /home/user/ros2_ws/install/urdfbot_description/share/urdfbot_description/local_setup.sh
-- Up-to-date: /home/user/ros2_ws/install/urdfbot_description/share/urdfbot_description/local_setup.zsh
-- Up-to-date: /home/user/ros2_ws/install/urdfbot_description/share/urdfbot_description/local_setup.dsv
-- Up-to-date: /home/user/ros2_ws/install/urdfbot_description/share/urdfbot_description/package.dsv
-- Up-to-date: /home/user/ros2_ws/install/urdfbot_description/share/ament_index/resource_index/packages/urdfbot_description
-- Up-to-date: /home/user/ros2_ws/install/urdfbot_description/share/urdfbot_description/cmake/urdfbot_descriptionConfig.cmake
-- Up-to-date: /home/user/ros2_ws/install/urdfbot_description/share/urdfbot_description/cmake/urdfbot_descriptionConfig-version.cmake
-- Up-to-date: /home/user/ros2_ws/install/urdfbot_description/share/urdfbot_description/package.xml
