[0.032s] Invoking command in '/home/user/ros2_ws/build/urdfbot_description': CMAKE_PREFIX_PATH=${CMAKE_PREFIX_PATH}:/home/simulations/ros2_sims_ws/install/rclrs_tests:/home/simulations/ros2_sims_ws/install/examples_rclrs_minimal_client_service:/home/simulations/ros2_sims_ws/install/sensor_msgs_py:/home/simulations/ros2_sims_ws/install/examples_rclrs_minimal_pub_sub:/home/simulations/ros2_sims_ws/install/examples_rclrs_message_demo:/home/simulations/ros2_sims_ws/install/rclrs:/home/simulations/ros2_sims_ws/install/rosidl_runtime_rs:/opt/ros/humble _=/usr/bin/env /usr/bin/cmake --build /home/user/ros2_ws/build/urdfbot_description -- -j8 -l8
[0.106s] Invoked command in '/home/user/ros2_ws/build/urdfbot_description' returned '0': CMAKE_PREFIX_PATH=${CMAKE_PREFIX_PATH}:/home/simulations/ros2_sims_ws/install/rclrs_tests:/home/simulations/ros2_sims_ws/install/examples_rclrs_minimal_client_service:/home/simulations/ros2_sims_ws/install/sensor_msgs_py:/home/simulations/ros2_sims_ws/install/examples_rclrs_minimal_pub_sub:/home/simulations/ros2_sims_ws/install/examples_rclrs_message_demo:/home/simulations/ros2_sims_ws/install/rclrs:/home/simulations/ros2_sims_ws/install/rosidl_runtime_rs:/opt/ros/humble _=/usr/bin/env /usr/bin/cmake --build /home/user/ros2_ws/build/urdfbot_description -- -j8 -l8
[0.217s] Invoking command in '/home/user/ros2_ws/build/urdfbot_description': CMAKE_PREFIX_PATH=${CMAKE_PREFIX_PATH}:/home/simulations/ros2_sims_ws/install/rclrs_tests:/home/simulations/ros2_sims_ws/install/examples_rclrs_minimal_client_service:/home/simulations/ros2_sims_ws/install/sensor_msgs_py:/home/simulations/ros2_sims_ws/install/examples_rclrs_minimal_pub_sub:/home/simulations/ros2_sims_ws/install/examples_rclrs_message_demo:/home/simulations/ros2_sims_ws/install/rclrs:/home/simulations/ros2_sims_ws/install/rosidl_runtime_rs:/opt/ros/humble _=/usr/bin/env /usr/bin/cmake --install /home/user/ros2_ws/build/urdfbot_description
[0.230s] -- Install configuration: ""
[0.230s] -- Up-to-date: /home/user/ros2_ws/install/urdfbot_description/share/urdfbot_description//urdf
[0.231s] -- Up-to-date: /home/user/ros2_ws/install/urdfbot_description/share/urdfbot_description//urdf/materials.xacro
[0.231s] -- Up-to-date: /home/user/ros2_ws/install/urdfbot_description/share/urdfbot_description//urdf/robot.gazebo
[0.231s] -- Up-to-date: /home/user/ros2_ws/install/urdfbot_description/share/urdfbot_description//urdf/urdfbot_simple.urdf
[0.231s] -- Up-to-date: /home/user/ros2_ws/install/urdfbot_description/share/urdfbot_description//urdf/robot.trans
[0.231s] -- Up-to-date: /home/user/ros2_ws/install/urdfbot_description/share/urdfbot_description//urdf/robot.xacro
[0.231s] -- Up-to-date: /home/user/ros2_ws/install/urdfbot_description/share/urdfbot_description//launch
[0.231s] -- Installing: /home/user/ros2_ws/install/urdfbot_description/share/urdfbot_description//launch/urdf_visualize.launch.py
[0.232s] -- Up-to-date: /home/user/ros2_ws/install/urdfbot_description/share/ament_index/resource_index/package_run_dependencies/urdfbot_description
[0.233s] -- Up-to-date: /home/user/ros2_ws/install/urdfbot_description/share/ament_index/resource_index/parent_prefix_path/urdfbot_description
[0.234s] -- Up-to-date: /home/user/ros2_ws/install/urdfbot_description/share/urdfbot_description/environment/ament_prefix_path.sh
[0.234s] -- Up-to-date: /home/user/ros2_ws/install/urdfbot_description/share/urdfbot_description/environment/ament_prefix_path.dsv
[0.234s] -- Up-to-date: /home/user/ros2_ws/install/urdfbot_description/share/urdfbot_description/environment/path.sh
[0.235s] -- Up-to-date: /home/user/ros2_ws/install/urdfbot_description/share/urdfbot_description/environment/path.dsv
[0.235s] -- Up-to-date: /home/user/ros2_ws/install/urdfbot_description/share/urdfbot_description/local_setup.bash
[0.235s] -- Up-to-date: /home/user/ros2_ws/install/urdfbot_description/share/urdfbot_description/local_setup.sh
[0.236s] -- Up-to-date: /home/user/ros2_ws/install/urdfbot_description/share/urdfbot_description/local_setup.zsh
[0.236s] -- Up-to-date: /home/user/ros2_ws/install/urdfbot_description/share/urdfbot_description/local_setup.dsv
[0.236s] -- Installing: /home/user/ros2_ws/install/urdfbot_description/share/urdfbot_description/package.dsv
[0.237s] -- Up-to-date: /home/user/ros2_ws/install/urdfbot_description/share/ament_index/resource_index/packages/urdfbot_description
[0.237s] -- Up-to-date: /home/user/ros2_ws/install/urdfbot_description/share/urdfbot_description/cmake/urdfbot_descriptionConfig.cmake
[0.238s] -- Up-to-date: /home/user/ros2_ws/install/urdfbot_description/share/urdfbot_description/cmake/urdfbot_descriptionConfig-version.cmake
[0.238s] -- Up-to-date: /home/user/ros2_ws/install/urdfbot_description/share/urdfbot_description/package.xml
[0.245s] Invoked command in '/home/user/ros2_ws/build/urdfbot_description' returned '0': CMAKE_PREFIX_PATH=${CMAKE_PREFIX_PATH}:/home/simulations/ros2_sims_ws/install/rclrs_tests:/home/simulations/ros2_sims_ws/install/examples_rclrs_minimal_client_service:/home/simulations/ros2_sims_ws/install/sensor_msgs_py:/home/simulations/ros2_sims_ws/install/examples_rclrs_minimal_pub_sub:/home/simulations/ros2_sims_ws/install/examples_rclrs_message_demo:/home/simulations/ros2_sims_ws/install/rclrs:/home/simulations/ros2_sims_ws/install/rosidl_runtime_rs:/opt/ros/humble _=/usr/bin/env /usr/bin/cmake --install /home/user/ros2_ws/build/urdfbot_description
